[github.com/flipped-aurora/gin-vue-admin/server]2021/12/21 - 23:00:07.441	[35mdebug[0m	D:/resource/code/goCode/myCode/2021.12/easy-novel/utils/directory.go:40	create directoryautocode_template\server\book\api
[github.com/flipped-aurora/gin-vue-admin/server]2021/12/21 - 23:00:07.443	[35mdebug[0m	D:/resource/code/goCode/myCode/2021.12/easy-novel/utils/directory.go:40	create directoryautocode_template\server\book\model
[github.com/flipped-aurora/gin-vue-admin/server]2021/12/21 - 23:00:07.444	[35mdebug[0m	D:/resource/code/goCode/myCode/2021.12/easy-novel/utils/directory.go:40	create directoryautocode_template\server\book\request
[github.com/flipped-aurora/gin-vue-admin/server]2021/12/21 - 23:00:07.444	[35mdebug[0m	D:/resource/code/goCode/myCode/2021.12/easy-novel/utils/directory.go:40	create directoryautocode_template\server\book\router
[github.com/flipped-aurora/gin-vue-admin/server]2021/12/21 - 23:00:07.445	[35mdebug[0m	D:/resource/code/goCode/myCode/2021.12/easy-novel/utils/directory.go:40	create directoryautocode_template\server\book\service
[github.com/flipped-aurora/gin-vue-admin/server]2021/12/21 - 23:00:07.445	[35mdebug[0m	D:/resource/code/goCode/myCode/2021.12/easy-novel/utils/directory.go:40	create directoryautocode_template\web\book\api
[github.com/flipped-aurora/gin-vue-admin/server]2021/12/21 - 23:00:07.446	[35mdebug[0m	D:/resource/code/goCode/myCode/2021.12/easy-novel/utils/directory.go:40	create directoryautocode_template\web\book\form
[github.com/flipped-aurora/gin-vue-admin/server]2021/12/21 - 23:00:07.447	[35mdebug[0m	D:/resource/code/goCode/myCode/2021.12/easy-novel/utils/directory.go:40	create directoryautocode_template\web\book\table
[github.com/flipped-aurora/gin-vue-admin/server]2021/12/21 - 23:00:21.198	[35mdebug[0m	D:/resource/code/goCode/myCode/2021.12/easy-novel/utils/directory.go:40	create directoryautocode_template\server\book\api
[github.com/flipped-aurora/gin-vue-admin/server]2021/12/21 - 23:00:21.200	[35mdebug[0m	D:/resource/code/goCode/myCode/2021.12/easy-novel/utils/directory.go:40	create directoryautocode_template\server\book\model
[github.com/flipped-aurora/gin-vue-admin/server]2021/12/21 - 23:00:21.200	[35mdebug[0m	D:/resource/code/goCode/myCode/2021.12/easy-novel/utils/directory.go:40	create directoryautocode_template\server\book\request
[github.com/flipped-aurora/gin-vue-admin/server]2021/12/21 - 23:00:21.200	[35mdebug[0m	D:/resource/code/goCode/myCode/2021.12/easy-novel/utils/directory.go:40	create directoryautocode_template\server\book\router
[github.com/flipped-aurora/gin-vue-admin/server]2021/12/21 - 23:00:21.201	[35mdebug[0m	D:/resource/code/goCode/myCode/2021.12/easy-novel/utils/directory.go:40	create directoryautocode_template\server\book\service
[github.com/flipped-aurora/gin-vue-admin/server]2021/12/21 - 23:00:21.201	[35mdebug[0m	D:/resource/code/goCode/myCode/2021.12/easy-novel/utils/directory.go:40	create directoryautocode_template\web\book\api
[github.com/flipped-aurora/gin-vue-admin/server]2021/12/21 - 23:00:21.202	[35mdebug[0m	D:/resource/code/goCode/myCode/2021.12/easy-novel/utils/directory.go:40	create directoryautocode_template\web\book\form
[github.com/flipped-aurora/gin-vue-admin/server]2021/12/21 - 23:00:21.202	[35mdebug[0m	D:/resource/code/goCode/myCode/2021.12/easy-novel/utils/directory.go:40	create directoryautocode_template\web\book\table
[github.com/flipped-aurora/gin-vue-admin/server]2021/12/21 - 23:02:34.441	[35mdebug[0m	D:/resource/code/goCode/myCode/2021.12/easy-novel/utils/directory.go:40	create directoryautocode_template\server\book\api
[github.com/flipped-aurora/gin-vue-admin/server]2021/12/21 - 23:02:34.442	[35mdebug[0m	D:/resource/code/goCode/myCode/2021.12/easy-novel/utils/directory.go:40	create directoryautocode_template\server\book\model
[github.com/flipped-aurora/gin-vue-admin/server]2021/12/21 - 23:02:34.443	[35mdebug[0m	D:/resource/code/goCode/myCode/2021.12/easy-novel/utils/directory.go:40	create directoryautocode_template\server\book\request
[github.com/flipped-aurora/gin-vue-admin/server]2021/12/21 - 23:02:34.443	[35mdebug[0m	D:/resource/code/goCode/myCode/2021.12/easy-novel/utils/directory.go:40	create directoryautocode_template\server\book\router
[github.com/flipped-aurora/gin-vue-admin/server]2021/12/21 - 23:02:34.444	[35mdebug[0m	D:/resource/code/goCode/myCode/2021.12/easy-novel/utils/directory.go:40	create directoryautocode_template\server\book\service
[github.com/flipped-aurora/gin-vue-admin/server]2021/12/21 - 23:02:34.444	[35mdebug[0m	D:/resource/code/goCode/myCode/2021.12/easy-novel/utils/directory.go:40	create directoryautocode_template\web\book\api
[github.com/flipped-aurora/gin-vue-admin/server]2021/12/21 - 23:02:34.445	[35mdebug[0m	D:/resource/code/goCode/myCode/2021.12/easy-novel/utils/directory.go:40	create directoryautocode_template\web\book\form
[github.com/flipped-aurora/gin-vue-admin/server]2021/12/21 - 23:02:34.445	[35mdebug[0m	D:/resource/code/goCode/myCode/2021.12/easy-novel/utils/directory.go:40	create directoryautocode_template\web\book\table
[github.com/flipped-aurora/gin-vue-admin/server]2021/12/21 - 23:24:37.777	[35mdebug[0m	D:/resource/code/goCode/myCode/2021.12/easy-novel/utils/directory.go:40	create directoryautocode_template\server\bookCategory\api
[github.com/flipped-aurora/gin-vue-admin/server]2021/12/21 - 23:24:37.779	[35mdebug[0m	D:/resource/code/goCode/myCode/2021.12/easy-novel/utils/directory.go:40	create directoryautocode_template\server\bookCategory\model
[github.com/flipped-aurora/gin-vue-admin/server]2021/12/21 - 23:24:37.779	[35mdebug[0m	D:/resource/code/goCode/myCode/2021.12/easy-novel/utils/directory.go:40	create directoryautocode_template\server\bookCategory\request
[github.com/flipped-aurora/gin-vue-admin/server]2021/12/21 - 23:24:37.780	[35mdebug[0m	D:/resource/code/goCode/myCode/2021.12/easy-novel/utils/directory.go:40	create directoryautocode_template\server\bookCategory\router
[github.com/flipped-aurora/gin-vue-admin/server]2021/12/21 - 23:24:37.780	[35mdebug[0m	D:/resource/code/goCode/myCode/2021.12/easy-novel/utils/directory.go:40	create directoryautocode_template\server\bookCategory\service
[github.com/flipped-aurora/gin-vue-admin/server]2021/12/21 - 23:24:37.781	[35mdebug[0m	D:/resource/code/goCode/myCode/2021.12/easy-novel/utils/directory.go:40	create directoryautocode_template\web\bookCategory\api
[github.com/flipped-aurora/gin-vue-admin/server]2021/12/21 - 23:24:37.782	[35mdebug[0m	D:/resource/code/goCode/myCode/2021.12/easy-novel/utils/directory.go:40	create directoryautocode_template\web\bookCategory\form
[github.com/flipped-aurora/gin-vue-admin/server]2021/12/21 - 23:24:37.782	[35mdebug[0m	D:/resource/code/goCode/myCode/2021.12/easy-novel/utils/directory.go:40	create directoryautocode_template\web\bookCategory\table
[github.com/flipped-aurora/gin-vue-admin/server]2021/12/21 - 23:24:50.223	[35mdebug[0m	D:/resource/code/goCode/myCode/2021.12/easy-novel/utils/directory.go:40	create directoryautocode_template\server\bookContent\api
[github.com/flipped-aurora/gin-vue-admin/server]2021/12/21 - 23:24:50.224	[35mdebug[0m	D:/resource/code/goCode/myCode/2021.12/easy-novel/utils/directory.go:40	create directoryautocode_template\server\bookContent\model
[github.com/flipped-aurora/gin-vue-admin/server]2021/12/21 - 23:24:50.224	[35mdebug[0m	D:/resource/code/goCode/myCode/2021.12/easy-novel/utils/directory.go:40	create directoryautocode_template\server\bookContent\request
[github.com/flipped-aurora/gin-vue-admin/server]2021/12/21 - 23:24:50.225	[35mdebug[0m	D:/resource/code/goCode/myCode/2021.12/easy-novel/utils/directory.go:40	create directoryautocode_template\server\bookContent\router
[github.com/flipped-aurora/gin-vue-admin/server]2021/12/21 - 23:24:50.226	[35mdebug[0m	D:/resource/code/goCode/myCode/2021.12/easy-novel/utils/directory.go:40	create directoryautocode_template\server\bookContent\service
[github.com/flipped-aurora/gin-vue-admin/server]2021/12/21 - 23:24:50.226	[35mdebug[0m	D:/resource/code/goCode/myCode/2021.12/easy-novel/utils/directory.go:40	create directoryautocode_template\web\bookContent\api
[github.com/flipped-aurora/gin-vue-admin/server]2021/12/21 - 23:24:50.227	[35mdebug[0m	D:/resource/code/goCode/myCode/2021.12/easy-novel/utils/directory.go:40	create directoryautocode_template\web\bookContent\form
[github.com/flipped-aurora/gin-vue-admin/server]2021/12/21 - 23:24:50.228	[35mdebug[0m	D:/resource/code/goCode/myCode/2021.12/easy-novel/utils/directory.go:40	create directoryautocode_template\web\bookContent\table
[github.com/flipped-aurora/gin-vue-admin/server]2021/12/21 - 23:25:25.125	[35mdebug[0m	D:/resource/code/goCode/myCode/2021.12/easy-novel/utils/directory.go:40	create directoryautocode_template\server\bookIndex\api
[github.com/flipped-aurora/gin-vue-admin/server]2021/12/21 - 23:25:25.126	[35mdebug[0m	D:/resource/code/goCode/myCode/2021.12/easy-novel/utils/directory.go:40	create directoryautocode_template\server\bookIndex\model
[github.com/flipped-aurora/gin-vue-admin/server]2021/12/21 - 23:25:25.127	[35mdebug[0m	D:/resource/code/goCode/myCode/2021.12/easy-novel/utils/directory.go:40	create directoryautocode_template\server\bookIndex\request
[github.com/flipped-aurora/gin-vue-admin/server]2021/12/21 - 23:25:25.127	[35mdebug[0m	D:/resource/code/goCode/myCode/2021.12/easy-novel/utils/directory.go:40	create directoryautocode_template\server\bookIndex\router
[github.com/flipped-aurora/gin-vue-admin/server]2021/12/21 - 23:25:25.128	[35mdebug[0m	D:/resource/code/goCode/myCode/2021.12/easy-novel/utils/directory.go:40	create directoryautocode_template\server\bookIndex\service
[github.com/flipped-aurora/gin-vue-admin/server]2021/12/21 - 23:25:25.128	[35mdebug[0m	D:/resource/code/goCode/myCode/2021.12/easy-novel/utils/directory.go:40	create directoryautocode_template\web\bookIndex\api
[github.com/flipped-aurora/gin-vue-admin/server]2021/12/21 - 23:25:25.129	[35mdebug[0m	D:/resource/code/goCode/myCode/2021.12/easy-novel/utils/directory.go:40	create directoryautocode_template\web\bookIndex\form
[github.com/flipped-aurora/gin-vue-admin/server]2021/12/21 - 23:25:25.129	[35mdebug[0m	D:/resource/code/goCode/myCode/2021.12/easy-novel/utils/directory.go:40	create directoryautocode_template\web\bookIndex\table
